<?xml version="1.0" encoding="UTF-8"?>
<!-- Generated by org.testng.reporters.JUnitReportReporter -->
<testsuite hostname="admin-PC" name="com.mock.example.service.impl.BunnerServiceImpl" tests="1" failures="0" timestamp="21 Oct 2020 08:29:07 GMT" time="0.029" errors="0">
  <testcase name="aupguangao1" time="0.029" classname="com.mock.example.service.impl.BunnerServiceImpl"/>
</testsuite> <!-- com.mock.example.service.impl.BunnerServiceImpl -->
